Arguments: 
  /usr/bin/node-20 /usr/bin/yarn add --dev @babel/cli @babel/core @babel-preset-env babel-loader file-loader html-loader html-webpack-plugin css-loader mini-css-extract-plugin eslint eslint-config-airbnb webpack

PATH: 
  /home/denis/.local/bin:/home/denis/bin:/usr/local/bin:/usr/local/sbin:/usr/bin:/usr/sbin

Yarn version: 
  1.22.19

Node version: 
  20.8.1

Platform: 
  linux x64

Trace: 
  Error: https://registry.yarnpkg.com/@babel-preset-env: Request "https://registry.yarnpkg.com/@babel-preset-env" returned a 405
      at params.callback [as _callback] (/usr/lib/node_modules_20/yarn/lib/util/request-manager.js:460:18)
      at self.callback (/usr/lib/node_modules_20/yarn/node_modules/request/request.js:185:22)
      at Request.emit (node:events:514:28)
      at Request.<anonymous> (/usr/lib/node_modules_20/yarn/node_modules/request/request.js:1154:10)
      at Request.emit (node:events:514:28)
      at IncomingMessage.<anonymous> (/usr/lib/node_modules_20/yarn/node_modules/request/request.js:1076:12)
      at Object.onceWrapper (node:events:628:28)
      at IncomingMessage.emit (node:events:526:35)
      at endReadableNT (node:internal/streams/readable:1408:12)
      at process.processTicksAndRejections (node:internal/process/task_queues:82:21)

npm manifest: 
  {
    "name": "ahj-diplom-frontend",
    "version": "1.0.0",
    "main": "index.js",
    "license": "MIT"
  }

yarn manifest: 
  No manifest

Lockfile: 
  No lockfile
